<?xml version="1.0" encoding="UTF-8"?>
<testsuite xmlns:xsi="http://www.w3.org/2001/XMLSchema-instance" xsi:noNamespaceSchemaLocation="https://maven.apache.org/surefire/maven-surefire-plugin/xsd/surefire-test-report.xsd" name="tasks.blackbox.DateServiceTest" time="0.469" tests="9" errors="0" skipped="0" failures="0">
  <properties>
[...]
</properties>
  <testcase name="getDateMergedWithTimeECPValidInputs" classname="tasks.blackbox.DateServiceTest" time="0.439"/>
  <testcase name="getDateMergedWithTimeECPInvalidHour" classname="tasks.blackbox.DateServiceTest" time="0.001"/>
  <testcase name="getDateMergedWithTimeECPInvalidTimeThrows" classname="tasks.blackbox.DateServiceTest" time="0.001"/>
  <testcase name="getDateMergedWithTimeBVAValidLower" classname="tasks.blackbox.DateServiceTest" time="0.001"/>
  <testcase name="getDateMergedWithTimeBVAValidUpper" classname="tasks.blackbox.DateServiceTest" time="0.001"/>
  <testcase name="getDateMergedWithTimeBVAInvalidLower" classname="tasks.blackbox.DateServiceTest" time="0.002"/>
  <testcase name="getDateMergedWithTimeBVAInvalidUpper" classname="tasks.blackbox.DateServiceTest" time="0.001"/>
  <testcase name="getDateMergedWithTimeBVAInvalidUpper[1]" classname="tasks.blackbox.DateServiceTest" time="0"/>
  <testcase name="getDateMergedWithTimeBVAInvalidUpper[2]" classname="tasks.blackbox.DateServiceTest" time="0"/>
</testsuite>